<?xml version="1.0" encoding="UTF-8"?>
<testsuite xmlns:xsi="http://www.w3.org/2001/XMLSchema-instance" xsi:noNamespaceSchemaLocation="https://maven.apache.org/surefire/maven-surefire-plugin/xsd/surefire-test-report.xsd" version="3.0.2" name="com.startup.vanguard.VanguardApplicationTests" time="6.723" tests="1" errors="0" skipped="0" failures="0">
  <properties>
[...]
</properties>
  <testcase name="contextLoads" classname="com.startup.vanguard.VanguardApplicationTests" time="0.362">
    <system-out><![CDATA[Standard Commons Logging discovery in action with spring-jcl: please remove commons-logging.jar from classpath in order to avoid potential conflicts
10:47:08.335 [main] INFO org.springframework.test.context.support.AnnotationConfigContextLoaderUtils -- Could not detect default configuration classes for test class [com.startup.vanguard.VanguardApplicationTests]: VanguardApplicationTests does not declare any static, non-private, non-final, nested classes annotated with @Configuration.
10:47:08.468 [main] INFO org.springframework.boot.test.context.SpringBootTestContextBootstrapper -- Found @SpringBootConfiguration com.startup.vanguard.VanguardApplication for test class com.startup.vanguard.VanguardApplicationTests
10:47:08.666 [main] INFO org.springframework.boot.devtools.restart.RestartApplicationListener -- Restart disabled due to context in which it is running

  .   ____          _            __ _ _
 /\\ / ___'_ __ _ _(_)_ __  __ _ \ \ \ \
( ( )\___ | '_ | '_| | '_ \/ _` | \ \ \ \
 \\/  ___)| |_)| | | | | || (_| |  ) ) ) )
  '  |____| .__|_| |_|_| |_\__, | / / / /
 =========|_|==============|___/=/_/_/_/

 :: Spring Boot ::                (v3.5.5)

2025-10-25T10:47:08.935-03:00  INFO 15184 --- [vanguard] [           main] c.s.vanguard.VanguardApplicationTests    : Starting VanguardApplicationTests using Java 23.0.1 with PID 15184 (started by henri in C:\Users\henri\Documents\minhapasta\Dev\Faculdade\STARTUP\prj_Startup_Java)
2025-10-25T10:47:08.936-03:00  INFO 15184 --- [vanguard] [           main] c.s.vanguard.VanguardApplicationTests    : No active profile set, falling back to 1 default profile: "default"
2025-10-25T10:47:09.829-03:00  INFO 15184 --- [vanguard] [           main] .s.d.r.c.RepositoryConfigurationDelegate : Bootstrapping Spring Data JPA repositories in DEFAULT mode.
2025-10-25T10:47:09.896-03:00  INFO 15184 --- [vanguard] [           main] .s.d.r.c.RepositoryConfigurationDelegate : Finished Spring Data repository scanning in 57 ms. Found 7 JPA repository interfaces.
2025-10-25T10:47:10.576-03:00  INFO 15184 --- [vanguard] [           main] com.zaxxer.hikari.HikariDataSource       : HikariPool-1 - Starting...
2025-10-25T10:47:10.784-03:00  INFO 15184 --- [vanguard] [           main] com.zaxxer.hikari.pool.HikariPool        : HikariPool-1 - Added connection org.postgresql.jdbc.PgConnection@17b6ad97
2025-10-25T10:47:10.786-03:00  INFO 15184 --- [vanguard] [           main] com.zaxxer.hikari.HikariDataSource       : HikariPool-1 - Start completed.
2025-10-25T10:47:10.827-03:00  INFO 15184 --- [vanguard] [           main] org.flywaydb.core.FlywayExecutor         : Database: jdbc:postgresql://localhost:5433/startup_db (PostgreSQL 14.19)
2025-10-25T10:47:10.892-03:00  INFO 15184 --- [vanguard] [           main] o.f.core.internal.command.DbValidate     : Successfully validated 8 migrations (execution time 00:00.038s)
2025-10-25T10:47:10.922-03:00  INFO 15184 --- [vanguard] [           main] o.f.core.internal.command.DbMigrate      : Current version of schema "public": 8
2025-10-25T10:47:10.926-03:00  INFO 15184 --- [vanguard] [           main] o.f.core.internal.command.DbMigrate      : Schema "public" is up to date. No migration necessary.
2025-10-25T10:47:11.029-03:00  INFO 15184 --- [vanguard] [           main] o.hibernate.jpa.internal.util.LogHelper  : HHH000204: Processing PersistenceUnitInfo [name: default]
2025-10-25T10:47:11.106-03:00  INFO 15184 --- [vanguard] [           main] org.hibernate.Version                    : HHH000412: Hibernate ORM core version 6.6.26.Final
2025-10-25T10:47:11.144-03:00  INFO 15184 --- [vanguard] [           main] o.h.c.internal.RegionFactoryInitiator    : HHH000026: Second-level cache disabled
2025-10-25T10:47:11.431-03:00  INFO 15184 --- [vanguard] [           main] o.s.o.j.p.SpringPersistenceUnitInfo      : No LoadTimeWeaver setup: ignoring JPA class transformer
2025-10-25T10:47:11.512-03:00  INFO 15184 --- [vanguard] [           main] org.hibernate.orm.connections.pooling    : HHH10001005: Database info:
	Database JDBC URL [Connecting through datasource 'HikariDataSource (HikariPool-1)']
	Database driver: undefined/unknown
	Database version: 14.19
	Autocommit mode: undefined/unknown
	Isolation level: undefined/unknown
	Minimum pool size: undefined/unknown
	Maximum pool size: undefined/unknown
2025-10-25T10:47:12.467-03:00  INFO 15184 --- [vanguard] [           main] o.h.e.t.j.p.i.JtaPlatformInitiator       : HHH000489: No JTA platform available (set 'hibernate.transaction.jta.platform' to enable JTA platform integration)
2025-10-25T10:47:12.470-03:00  INFO 15184 --- [vanguard] [           main] j.LocalContainerEntityManagerFactoryBean : Initialized JPA EntityManagerFactory for persistence unit 'default'
2025-10-25T10:47:12.889-03:00  WARN 15184 --- [vanguard] [           main] JpaBaseConfiguration$JpaWebConfiguration : spring.jpa.open-in-view is enabled by default. Therefore, database queries may be performed during view rendering. Explicitly configure spring.jpa.open-in-view to disable this warning
2025-10-25T10:47:13.037-03:00  INFO 15184 --- [vanguard] [           main] r$InitializeUserDetailsManagerConfigurer : Global AuthenticationManager configured with UserDetailsService bean with name customUserDetailsService
2025-10-25T10:47:14.524-03:00  INFO 15184 --- [vanguard] [           main] c.s.vanguard.VanguardApplicationTests    : Started VanguardApplicationTests in 5.872 seconds (process running for 8.007)
]]></system-out>
    <system-err><![CDATA[Mockito is currently self-attaching to enable the inline-mock-maker. This will no longer work in future releases of the JDK. Please add Mockito as an agent to your build as described in Mockito's documentation: https://javadoc.io/doc/org.mockito/mockito-core/latest/org.mockito/org/mockito/Mockito.html#0.3
WARNING: A Java agent has been loaded dynamically (C:\Users\henri\.m2\repository\net\bytebuddy\byte-buddy-agent\1.17.7\byte-buddy-agent-1.17.7.jar)
WARNING: If a serviceability tool is in use, please run with -XX:+EnableDynamicAgentLoading to hide this warning
WARNING: If a serviceability tool is not in use, please run with -Djdk.instrument.traceUsage for more information
WARNING: Dynamic loading of agents will be disallowed by default in a future release
]]></system-err>
  </testcase>
</testsuite>